[2020-04-02T16:10:39.624] [DEBUG] cheese - login => username:13,password:123456
[2020-04-02T16:10:39.625] [DEBUG] cheese - 13
[2020-04-02T16:10:39.637] [DEBUG] cheese - null
[2020-04-02T16:10:39.637] [DEBUG] cheese - null
[2020-04-02T16:11:16.612] [DEBUG] cheese - login => username:admin,password:123456
[2020-04-02T16:11:16.612] [DEBUG] cheese - admin
[2020-04-02T16:11:16.617] [DEBUG] cheese - null
[2020-04-02T16:11:16.618] [DEBUG] cheese - null
[2020-04-03T11:20:49.500] [DEBUG] cheese - login => username:admin,password:123456
[2020-04-03T11:20:49.504] [DEBUG] cheese - admin
[2020-04-03T11:20:49.563] [DEBUG] cheese - null
[2020-04-03T11:20:49.563] [DEBUG] cheese - null
[2020-04-03T11:22:56.689] [DEBUG] cheese - login => username:asd,password:asdasd
[2020-04-03T11:22:56.689] [DEBUG] cheese - asd
[2020-04-03T11:22:56.691] [DEBUG] cheese - null
[2020-04-03T11:22:56.691] [DEBUG] cheese - null
[2020-04-03T11:26:01.429] [DEBUG] cheese - login => username:asd,password:asdasd
[2020-04-03T11:26:01.429] [DEBUG] cheese - asd
[2020-04-03T11:26:01.433] [DEBUG] cheese - null
[2020-04-03T11:26:01.433] [DEBUG] cheese - null
[2020-04-03T11:31:38.333] [DEBUG] cheese - login => username:asd,password:asdasd
[2020-04-03T11:31:38.334] [DEBUG] cheese - asd
[2020-04-03T11:31:38.340] [DEBUG] cheese - null
[2020-04-03T11:31:38.341] [DEBUG] cheese - null
[2020-04-03T11:32:07.651] [DEBUG] cheese - login => username:asdasd,password:asdasd
[2020-04-03T11:32:07.651] [DEBUG] cheese - asdasd
[2020-04-03T11:32:07.656] [DEBUG] cheese - null
[2020-04-03T11:32:07.656] [DEBUG] cheese - null
[2020-04-03T11:34:41.195] [DEBUG] cheese - login => username:asd,password:asdasd
[2020-04-03T11:34:41.195] [DEBUG] cheese - asd
[2020-04-03T11:34:41.199] [DEBUG] cheese - null
[2020-04-03T11:34:41.199] [DEBUG] cheese - null
[2020-04-03T11:34:51.040] [DEBUG] cheese - login => username:admin,password:123456
[2020-04-03T11:34:51.040] [DEBUG] cheese - admin
[2020-04-03T11:34:51.046] [DEBUG] cheese - null
[2020-04-03T11:34:51.046] [DEBUG] cheese - null
[2020-04-05T11:06:56.816] [DEBUG] cheese - login => username:123,password:asdasd
[2020-04-05T11:06:56.819] [DEBUG] cheese - 123
[2020-04-05T11:06:56.844] [DEBUG] cheese - null
[2020-04-05T11:06:56.845] [DEBUG] cheese - null
[2020-04-05T11:07:42.503] [DEBUG] cheese - login => username:asd,password:asdasd
[2020-04-05T11:07:42.504] [DEBUG] cheese - asd
[2020-04-05T11:07:42.507] [DEBUG] cheese - null
[2020-04-05T11:07:42.507] [DEBUG] cheese - null
[2020-04-05T11:07:51.762] [DEBUG] cheese - login => username:admin,password:123456
[2020-04-05T11:07:51.762] [DEBUG] cheese - admin
[2020-04-05T11:07:51.771] [DEBUG] cheese - null
[2020-04-05T11:07:51.771] [DEBUG] cheese - null
[2020-04-05T11:11:46.243] [DEBUG] cheese - login => username:admin,password:123456
[2020-04-05T11:11:46.244] [DEBUG] cheese - admin
[2020-04-05T11:11:46.248] [DEBUG] cheese - null
[2020-04-05T11:11:46.248] [DEBUG] cheese - null
[2020-04-05T11:29:47.058] [DEBUG] cheese - login => username:admin,password:123456
[2020-04-05T11:29:47.059] [DEBUG] cheese - admin
[2020-04-05T11:29:47.063] [DEBUG] cheese - null
[2020-04-05T11:29:47.063] [DEBUG] cheese - null
[2020-04-05T11:50:38.099] [DEBUG] cheese - login => username:admin,password:123456
[2020-04-05T11:50:38.099] [DEBUG] cheese - admin
[2020-04-05T11:50:38.104] [DEBUG] cheese - null
[2020-04-05T11:50:38.104] [DEBUG] cheese - null
[2020-04-05T14:10:31.215] [DEBUG] cheese - login => username:admin,password:123456
[2020-04-05T14:10:31.216] [DEBUG] cheese - admin
[2020-04-05T14:10:31.221] [DEBUG] cheese - null
[2020-04-05T14:10:31.223] [DEBUG] cheese - null
[2020-04-05T15:04:16.077] [DEBUG] cheese - login => username:admin,password:123456
[2020-04-05T15:04:16.078] [DEBUG] cheese - admin
[2020-04-05T15:04:16.089] [DEBUG] cheese - login => username:admin,password:123456
[2020-04-05T15:04:16.089] [DEBUG] cheese - admin
[2020-04-05T15:04:16.091] [DEBUG] cheese - login => username:admin,password:123456
[2020-04-05T15:04:16.091] [DEBUG] cheese - admin
[2020-04-05T15:04:16.100] [DEBUG] cheese - null
[2020-04-05T15:04:16.100] [DEBUG] cheese - null
[2020-04-05T15:04:16.191] [DEBUG] cheese - null
[2020-04-05T15:04:16.191] [DEBUG] cheese - null
[2020-04-05T15:04:16.268] [DEBUG] cheese - null
[2020-04-05T15:04:16.268] [DEBUG] cheese - null
[2020-04-05T15:04:35.462] [DEBUG] cheese - login => username:admin,password:123456
[2020-04-05T15:04:35.463] [DEBUG] cheese - admin
[2020-04-05T15:05:12.567] [DEBUG] cheese - login => username:admin,password:123456
[2020-04-05T15:05:12.567] [DEBUG] cheese - admin
[2020-04-05T15:05:12.576] [DEBUG] cheese - null
[2020-04-05T15:05:12.576] [DEBUG] cheese - null
[2020-04-05T15:05:12.673] [DEBUG] cheese - null
[2020-04-05T15:05:12.673] [DEBUG] cheese - null
[2020-04-05T15:05:24.845] [DEBUG] cheese - login => username:admin,password:123456
[2020-04-05T15:05:24.845] [DEBUG] cheese - admin
[2020-04-05T15:05:24.848] [DEBUG] cheese - null
[2020-04-05T15:05:24.848] [DEBUG] cheese - null
[2020-04-05T15:05:26.092] [DEBUG] cheese - login => username:admin,password:123456
[2020-04-05T15:05:26.092] [DEBUG] cheese - admin
[2020-04-05T15:05:26.094] [DEBUG] cheese - null
[2020-04-05T15:05:26.094] [DEBUG] cheese - null
[2020-04-05T15:05:53.326] [DEBUG] cheese - login => username:admin,password:123456
[2020-04-05T15:05:53.326] [DEBUG] cheese - admin
[2020-04-05T15:05:53.328] [DEBUG] cheese - null
[2020-04-05T15:05:53.328] [DEBUG] cheese - null
[2020-04-05T15:06:36.986] [DEBUG] cheese - login => username:admin,password:123456
[2020-04-05T15:06:36.988] [DEBUG] cheese - admin
[2020-04-05T15:06:36.997] [DEBUG] cheese - null
[2020-04-05T15:06:36.998] [DEBUG] cheese - null
[2020-04-05T15:06:42.499] [DEBUG] cheese - login => username:admin,password:123456
[2020-04-05T15:06:42.499] [DEBUG] cheese - admin
[2020-04-05T15:06:42.503] [DEBUG] cheese - null
[2020-04-05T15:06:42.503] [DEBUG] cheese - null
[2020-04-05T15:06:43.654] [DEBUG] cheese - login => username:admin,password:123456
[2020-04-05T15:06:43.655] [DEBUG] cheese - admin
[2020-04-05T15:06:43.658] [DEBUG] cheese - null
[2020-04-05T15:06:43.658] [DEBUG] cheese - null
[2020-04-05T15:06:51.041] [DEBUG] cheese - login => username:admin,password:123456
[2020-04-05T15:06:51.041] [DEBUG] cheese - admin
[2020-04-05T15:06:51.044] [DEBUG] cheese - null
[2020-04-05T15:06:51.044] [DEBUG] cheese - null
[2020-04-05T15:06:53.073] [DEBUG] cheese - login => username:admin,password:123456
[2020-04-05T15:06:53.073] [DEBUG] cheese - admin
[2020-04-05T15:06:53.075] [DEBUG] cheese - null
[2020-04-05T15:06:53.075] [DEBUG] cheese - null
[2020-04-05T15:13:18.679] [DEBUG] cheese - login => username:admin,password:123456
[2020-04-05T15:13:18.679] [DEBUG] cheese - admin
[2020-04-05T15:13:18.684] [DEBUG] cheese - null
[2020-04-05T15:13:18.684] [DEBUG] cheese - null
[2020-04-05T16:53:33.289] [DEBUG] cheese - login => username:admin,password:123456
[2020-04-05T16:53:33.289] [DEBUG] cheese - admin
[2020-04-05T16:53:33.298] [DEBUG] cheese - null
[2020-04-05T16:53:33.298] [DEBUG] cheese - null
[2020-04-05T17:03:12.066] [DEBUG] cheese - login => username:admin,password:123456
[2020-04-05T17:03:12.066] [DEBUG] cheese - admin
[2020-04-05T17:03:12.069] [DEBUG] cheese - null
[2020-04-05T17:03:12.069] [DEBUG] cheese - null
[2020-04-05T17:22:08.482] [DEBUG] cheese - login => username:admin,password:123456
[2020-04-05T17:22:08.482] [DEBUG] cheese - admin
[2020-04-05T17:22:08.484] [DEBUG] cheese - null
[2020-04-05T17:22:08.485] [DEBUG] cheese - null
[2020-04-05T17:23:20.604] [DEBUG] cheese - login => username:admin,password:123456
[2020-04-05T17:23:20.604] [DEBUG] cheese - admin
[2020-04-05T17:23:20.608] [DEBUG] cheese - null
[2020-04-05T17:23:20.608] [DEBUG] cheese - null
[2020-04-05T17:24:04.642] [DEBUG] cheese - login => username:admin,password:123456
[2020-04-05T17:24:04.642] [DEBUG] cheese - admin
[2020-04-05T17:24:04.645] [DEBUG] cheese - null
[2020-04-05T17:24:04.645] [DEBUG] cheese - null
